--------------------
./configure --help
Чт 15 фев 2024 22:56:43 +07
usage:
  configure [--const] [--zprefix] [--prefix=PREFIX]  [--eprefix=EXPREFIX]
    [--static] [--64] [--libdir=LIBDIR] [--sharedlibdir=LIBDIR]
    [--includedir=INCLUDEDIR] [--archs="-arch i386 -arch x86_64"]
--------------------
./configure -h
Чт 15 фев 2024 22:56:57 +07
usage:
  configure [--const] [--zprefix] [--prefix=PREFIX]  [--eprefix=EXPREFIX]
    [--static] [--64] [--libdir=LIBDIR] [--sharedlibdir=LIBDIR]
    [--includedir=INCLUDEDIR] [--archs="-arch i386 -arch x86_64"]
--------------------
./configure
Чт 15 фев 2024 22:59:15 +07
Checking for gcc...
=== ztest64891.c ===
extern int getchar();
int hello() {return getchar();}
===
gcc -c ztest64891.c
... using gcc

Checking for obsessive-compulsive compiler options...
=== ztest64891.c ===
int foo() { return 0; }
===
gcc -c -O3 ztest64891.c

Checking for shared library support...
=== ztest64891.c ===
extern int getchar();
int hello() {return getchar();}
===
gcc -c -O3 -fPIC ztest64891.c
gcc -shared -Wl,-soname,libz.so.1,--version-script,zlib.map -O3 -fPIC -o ztest64891.so ztest64891.o
Building shared library libz.so.1.3.1 with gcc.

=== ztest64891.c ===
#include <stdio.h>
#include <stdlib.h>
size_t dummy = 0;
===
gcc -c -O3 ztest64891.c
Checking for size_t... Yes.

=== ztest64891.c ===
#include <sys/types.h>
off64_t dummy = 0;
===
gcc -c -O3 -D_LARGEFILE64_SOURCE=1 ztest64891.c
Checking for off64_t... Yes.
Checking for fseeko... Yes.

=== ztest64891.c ===
#include <string.h>
#include <errno.h>
int main() { return strlen(strerror(errno)); }
===
gcc -O3 -D_LARGEFILE64_SOURCE=1 -o ztest64891 ztest64891.c
Checking for strerror... Yes.

=== ztest64891.c ===
#include <unistd.h>
int main() { return 0; }
===
gcc -c -O3 -D_LARGEFILE64_SOURCE=1 ztest64891.c
Checking for unistd.h... Yes.

=== ztest64891.c ===
#include <stdarg.h>
int main() { return 0; }
===
gcc -c -O3 -D_LARGEFILE64_SOURCE=1 ztest64891.c
Checking for stdarg.h... Yes.

=== ztest64891.c ===
#include <stdio.h>
#include <stdarg.h>
#include "zconf.h"
int main()
{
#ifndef STDC
  choke me
#endif
  return 0;
}
===
gcc -c -O3 -D_LARGEFILE64_SOURCE=1 ztest64891.c
Checking whether to use vs[n]printf() or s[n]printf()... using vs[n]printf().

=== ztest64891.c ===
#include <stdio.h>
#include <stdarg.h>
int mytest(const char *fmt, ...)
{
  char buf[20];
  va_list ap;
  va_start(ap, fmt);
  vsnprintf(buf, sizeof(buf), fmt, ap);
  va_end(ap);
  return 0;
}
int main()
{
  return (mytest("Hello%d\n", 1));
}
===
gcc -O3 -D_LARGEFILE64_SOURCE=1 -o ztest64891 ztest64891.c
Checking for vsnprintf() in stdio.h... Yes.

=== ztest64891.c ===
#include <stdio.h>
#include <stdarg.h>
int mytest(const char *fmt, ...)
{
  int n;
  char buf[20];
  va_list ap;
  va_start(ap, fmt);
  n = vsnprintf(buf, sizeof(buf), fmt, ap);
  va_end(ap);
  return n;
}
int main()
{
  return (mytest("Hello%d\n", 1));
}
===
gcc -c -O3 -D_LARGEFILE64_SOURCE=1 ztest64891.c
Checking for return value of vsnprintf()... Yes.

=== ztest64891.c ===
#define ZLIB_INTERNAL __attribute__((visibility ("hidden")))
int ZLIB_INTERNAL foo;
int main()
{
  return 0;
}
===
gcc -c -O3 -D_LARGEFILE64_SOURCE=1 ztest64891.c
Checking for attribute(visibility) support... Yes.

ALL = static shared all64
AR = ar
ARFLAGS = rc
CC = gcc
CFLAGS = -O3 -D_LARGEFILE64_SOURCE=1 -DHAVE_HIDDEN
CPP =
EXE =
LDCONFIG = ldconfig
LDFLAGS =
LDSHARED = gcc -shared -Wl,-soname,libz.so.1,--version-script,zlib.map
LDSHAREDLIBC = -lc
OBJC = $(OBJZ) $(OBJG)
PIC_OBJC = $(PIC_OBJZ) $(PIC_OBJG)
RANLIB = ranlib
SFLAGS = -O3 -fPIC -D_LARGEFILE64_SOURCE=1 -DHAVE_HIDDEN
SHAREDLIB = libz.so
SHAREDLIBM = libz.so.1
SHAREDLIBV = libz.so.1.3.1
STATICLIB = libz.a
TEST = all teststatic testshared test64
VER = 1.3.1
SRCDIR =
exec_prefix = ${prefix}
includedir = ${prefix}/include
libdir = ${exec_prefix}/lib
mandir = ${prefix}/share/man
prefix = /usr/local
sharedlibdir = ${libdir}
uname = Linux
--------------------


--------------------
./configure
Пт 16 фев 2024 11:54:30 +07
Checking for gcc...
=== ztest42860.c ===
extern int getchar();
int hello() {return getchar();}
===
gcc -c ztest42860.c
... using gcc

Checking for obsessive-compulsive compiler options...
=== ztest42860.c ===
int foo() { return 0; }
===
gcc -c -O3 ztest42860.c

Checking for shared library support...
=== ztest42860.c ===
extern int getchar();
int hello() {return getchar();}
===
gcc -c -O3 -fPIC ztest42860.c
gcc -shared -Wl,-soname,libz.so.1,--version-script,zlib.map -O3 -fPIC -o ztest42860.so ztest42860.o
Building shared library libz.so.1.3.1 with gcc.

=== ztest42860.c ===
#include <stdio.h>
#include <stdlib.h>
size_t dummy = 0;
===
gcc -c -O3 ztest42860.c
Checking for size_t... Yes.

=== ztest42860.c ===
#include <sys/types.h>
off64_t dummy = 0;
===
gcc -c -O3 -D_LARGEFILE64_SOURCE=1 ztest42860.c
Checking for off64_t... Yes.
Checking for fseeko... Yes.

=== ztest42860.c ===
#include <string.h>
#include <errno.h>
int main() { return strlen(strerror(errno)); }
===
gcc -O3 -D_LARGEFILE64_SOURCE=1 -o ztest42860 ztest42860.c
Checking for strerror... Yes.

=== ztest42860.c ===
#include <unistd.h>
int main() { return 0; }
===
gcc -c -O3 -D_LARGEFILE64_SOURCE=1 ztest42860.c
Checking for unistd.h... Yes.

=== ztest42860.c ===
#include <stdarg.h>
int main() { return 0; }
===
gcc -c -O3 -D_LARGEFILE64_SOURCE=1 ztest42860.c
Checking for stdarg.h... Yes.

=== ztest42860.c ===
#include <stdio.h>
#include <stdarg.h>
#include "zconf.h"
int main()
{
#ifndef STDC
  choke me
#endif
  return 0;
}
===
gcc -c -O3 -D_LARGEFILE64_SOURCE=1 ztest42860.c
Checking whether to use vs[n]printf() or s[n]printf()... using vs[n]printf().

=== ztest42860.c ===
#include <stdio.h>
#include <stdarg.h>
int mytest(const char *fmt, ...)
{
  char buf[20];
  va_list ap;
  va_start(ap, fmt);
  vsnprintf(buf, sizeof(buf), fmt, ap);
  va_end(ap);
  return 0;
}
int main()
{
  return (mytest("Hello%d\n", 1));
}
===
gcc -O3 -D_LARGEFILE64_SOURCE=1 -o ztest42860 ztest42860.c
Checking for vsnprintf() in stdio.h... Yes.

=== ztest42860.c ===
#include <stdio.h>
#include <stdarg.h>
int mytest(const char *fmt, ...)
{
  int n;
  char buf[20];
  va_list ap;
  va_start(ap, fmt);
  n = vsnprintf(buf, sizeof(buf), fmt, ap);
  va_end(ap);
  return n;
}
int main()
{
  return (mytest("Hello%d\n", 1));
}
===
gcc -c -O3 -D_LARGEFILE64_SOURCE=1 ztest42860.c
Checking for return value of vsnprintf()... Yes.

=== ztest42860.c ===
#define ZLIB_INTERNAL __attribute__((visibility ("hidden")))
int ZLIB_INTERNAL foo;
int main()
{
  return 0;
}
===
gcc -c -O3 -D_LARGEFILE64_SOURCE=1 ztest42860.c
Checking for attribute(visibility) support... Yes.

ALL = static shared all64
AR = ar
ARFLAGS = rc
CC = gcc
CFLAGS = -O3 -D_LARGEFILE64_SOURCE=1 -DHAVE_HIDDEN
CPP =
EXE =
LDCONFIG = ldconfig
LDFLAGS =
LDSHARED = gcc -shared -Wl,-soname,libz.so.1,--version-script,zlib.map
LDSHAREDLIBC = -lc
OBJC = $(OBJZ) $(OBJG)
PIC_OBJC = $(PIC_OBJZ) $(PIC_OBJG)
RANLIB = ranlib
SFLAGS = -O3 -fPIC -D_LARGEFILE64_SOURCE=1 -DHAVE_HIDDEN
SHAREDLIB = libz.so
SHAREDLIBM = libz.so.1
SHAREDLIBV = libz.so.1.3.1
STATICLIB = libz.a
TEST = all teststatic testshared test64
VER = 1.3.1
SRCDIR =
exec_prefix = ${prefix}
includedir = ${prefix}/include
libdir = ${exec_prefix}/lib
mandir = ${prefix}/share/man
prefix = /usr/local
sharedlibdir = ${libdir}
uname = Linux
--------------------


--------------------
./configure --help
Пт 16 фев 2024 11:54:35 +07
usage:
  configure [--const] [--zprefix] [--prefix=PREFIX]  [--eprefix=EXPREFIX]
    [--static] [--64] [--libdir=LIBDIR] [--sharedlibdir=LIBDIR]
    [--includedir=INCLUDEDIR] [--archs="-arch i386 -arch x86_64"]
--------------------
./configure --prefix=/home/bytbager/My_projects/Eltex/Lecture51/zlib-1.3.1/_install
Пт 16 фев 2024 11:56:20 +07
Checking for gcc...
=== ztest43213.c ===
extern int getchar();
int hello() {return getchar();}
===
gcc -c ztest43213.c
... using gcc

Checking for obsessive-compulsive compiler options...
=== ztest43213.c ===
int foo() { return 0; }
===
gcc -c -O3 ztest43213.c

Checking for shared library support...
=== ztest43213.c ===
extern int getchar();
int hello() {return getchar();}
===
gcc -c -O3 -fPIC ztest43213.c
gcc -shared -Wl,-soname,libz.so.1,--version-script,zlib.map -O3 -fPIC -o ztest43213.so ztest43213.o
Building shared library libz.so.1.3.1 with gcc.

=== ztest43213.c ===
#include <stdio.h>
#include <stdlib.h>
size_t dummy = 0;
===
gcc -c -O3 ztest43213.c
Checking for size_t... Yes.

=== ztest43213.c ===
#include <sys/types.h>
off64_t dummy = 0;
===
gcc -c -O3 -D_LARGEFILE64_SOURCE=1 ztest43213.c
Checking for off64_t... Yes.
Checking for fseeko... Yes.

=== ztest43213.c ===
#include <string.h>
#include <errno.h>
int main() { return strlen(strerror(errno)); }
===
gcc -O3 -D_LARGEFILE64_SOURCE=1 -o ztest43213 ztest43213.c
Checking for strerror... Yes.

=== ztest43213.c ===
#include <unistd.h>
int main() { return 0; }
===
gcc -c -O3 -D_LARGEFILE64_SOURCE=1 ztest43213.c
Checking for unistd.h... Yes.

=== ztest43213.c ===
#include <stdarg.h>
int main() { return 0; }
===
gcc -c -O3 -D_LARGEFILE64_SOURCE=1 ztest43213.c
Checking for stdarg.h... Yes.

=== ztest43213.c ===
#include <stdio.h>
#include <stdarg.h>
#include "zconf.h"
int main()
{
#ifndef STDC
  choke me
#endif
  return 0;
}
===
gcc -c -O3 -D_LARGEFILE64_SOURCE=1 ztest43213.c
Checking whether to use vs[n]printf() or s[n]printf()... using vs[n]printf().

=== ztest43213.c ===
#include <stdio.h>
#include <stdarg.h>
int mytest(const char *fmt, ...)
{
  char buf[20];
  va_list ap;
  va_start(ap, fmt);
  vsnprintf(buf, sizeof(buf), fmt, ap);
  va_end(ap);
  return 0;
}
int main()
{
  return (mytest("Hello%d\n", 1));
}
===
gcc -O3 -D_LARGEFILE64_SOURCE=1 -o ztest43213 ztest43213.c
Checking for vsnprintf() in stdio.h... Yes.

=== ztest43213.c ===
#include <stdio.h>
#include <stdarg.h>
int mytest(const char *fmt, ...)
{
  int n;
  char buf[20];
  va_list ap;
  va_start(ap, fmt);
  n = vsnprintf(buf, sizeof(buf), fmt, ap);
  va_end(ap);
  return n;
}
int main()
{
  return (mytest("Hello%d\n", 1));
}
===
gcc -c -O3 -D_LARGEFILE64_SOURCE=1 ztest43213.c
Checking for return value of vsnprintf()... Yes.

=== ztest43213.c ===
#define ZLIB_INTERNAL __attribute__((visibility ("hidden")))
int ZLIB_INTERNAL foo;
int main()
{
  return 0;
}
===
gcc -c -O3 -D_LARGEFILE64_SOURCE=1 ztest43213.c
Checking for attribute(visibility) support... Yes.

ALL = static shared all64
AR = ar
ARFLAGS = rc
CC = gcc
CFLAGS = -O3 -D_LARGEFILE64_SOURCE=1 -DHAVE_HIDDEN
CPP =
EXE =
LDCONFIG = ldconfig
LDFLAGS =
LDSHARED = gcc -shared -Wl,-soname,libz.so.1,--version-script,zlib.map
LDSHAREDLIBC = -lc
OBJC = $(OBJZ) $(OBJG)
PIC_OBJC = $(PIC_OBJZ) $(PIC_OBJG)
RANLIB = ranlib
SFLAGS = -O3 -fPIC -D_LARGEFILE64_SOURCE=1 -DHAVE_HIDDEN
SHAREDLIB = libz.so
SHAREDLIBM = libz.so.1
SHAREDLIBV = libz.so.1.3.1
STATICLIB = libz.a
TEST = all teststatic testshared test64
VER = 1.3.1
SRCDIR =
exec_prefix = ${prefix}
includedir = ${prefix}/include
libdir = ${exec_prefix}/lib
mandir = ${prefix}/share/man
prefix = /home/bytbager/My_projects/Eltex/Lecture51/zlib-1.3.1/_install
sharedlibdir = ${libdir}
uname = Linux
--------------------


--------------------
./configure --help
Пт 16 фев 2024 12:30:10 +07
usage:
  configure [--const] [--zprefix] [--prefix=PREFIX]  [--eprefix=EXPREFIX]
    [--static] [--64] [--libdir=LIBDIR] [--sharedlibdir=LIBDIR]
    [--includedir=INCLUDEDIR] [--archs="-arch i386 -arch x86_64"]
--------------------
./configure --prefix=/home/bytbager/My_projects/Eltex/Lecture51/zlib-1.3.1/_install
Пт 16 фев 2024 12:31:40 +07
Checking for gcc...
=== ztest50570.c ===
extern int getchar();
int hello() {return getchar();}
===
gcc -c ztest50570.c
... using gcc

Checking for obsessive-compulsive compiler options...
=== ztest50570.c ===
int foo() { return 0; }
===
gcc -c -O3 ztest50570.c

Checking for shared library support...
=== ztest50570.c ===
extern int getchar();
int hello() {return getchar();}
===
gcc -c -O3 -fPIC ztest50570.c
gcc -shared -Wl,-soname,libz.so.1,--version-script,zlib.map -O3 -fPIC -o ztest50570.so ztest50570.o
Building shared library libz.so.1.3.1 with gcc.

=== ztest50570.c ===
#include <stdio.h>
#include <stdlib.h>
size_t dummy = 0;
===
gcc -c -O3 ztest50570.c
Checking for size_t... Yes.

=== ztest50570.c ===
#include <sys/types.h>
off64_t dummy = 0;
===
gcc -c -O3 -D_LARGEFILE64_SOURCE=1 ztest50570.c
Checking for off64_t... Yes.
Checking for fseeko... Yes.

=== ztest50570.c ===
#include <string.h>
#include <errno.h>
int main() { return strlen(strerror(errno)); }
===
gcc -O3 -D_LARGEFILE64_SOURCE=1 -o ztest50570 ztest50570.c
Checking for strerror... Yes.

=== ztest50570.c ===
#include <unistd.h>
int main() { return 0; }
===
gcc -c -O3 -D_LARGEFILE64_SOURCE=1 ztest50570.c
Checking for unistd.h... Yes.

=== ztest50570.c ===
#include <stdarg.h>
int main() { return 0; }
===
gcc -c -O3 -D_LARGEFILE64_SOURCE=1 ztest50570.c
Checking for stdarg.h... Yes.

=== ztest50570.c ===
#include <stdio.h>
#include <stdarg.h>
#include "zconf.h"
int main()
{
#ifndef STDC
  choke me
#endif
  return 0;
}
===
gcc -c -O3 -D_LARGEFILE64_SOURCE=1 ztest50570.c
Checking whether to use vs[n]printf() or s[n]printf()... using vs[n]printf().

=== ztest50570.c ===
#include <stdio.h>
#include <stdarg.h>
int mytest(const char *fmt, ...)
{
  char buf[20];
  va_list ap;
  va_start(ap, fmt);
  vsnprintf(buf, sizeof(buf), fmt, ap);
  va_end(ap);
  return 0;
}
int main()
{
  return (mytest("Hello%d\n", 1));
}
===
gcc -O3 -D_LARGEFILE64_SOURCE=1 -o ztest50570 ztest50570.c
Checking for vsnprintf() in stdio.h... Yes.

=== ztest50570.c ===
#include <stdio.h>
#include <stdarg.h>
int mytest(const char *fmt, ...)
{
  int n;
  char buf[20];
  va_list ap;
  va_start(ap, fmt);
  n = vsnprintf(buf, sizeof(buf), fmt, ap);
  va_end(ap);
  return n;
}
int main()
{
  return (mytest("Hello%d\n", 1));
}
===
gcc -c -O3 -D_LARGEFILE64_SOURCE=1 ztest50570.c
Checking for return value of vsnprintf()... Yes.

=== ztest50570.c ===
#define ZLIB_INTERNAL __attribute__((visibility ("hidden")))
int ZLIB_INTERNAL foo;
int main()
{
  return 0;
}
===
gcc -c -O3 -D_LARGEFILE64_SOURCE=1 ztest50570.c
Checking for attribute(visibility) support... Yes.

ALL = static shared all64
AR = ar
ARFLAGS = rc
CC = gcc
CFLAGS = -O3 -D_LARGEFILE64_SOURCE=1 -DHAVE_HIDDEN
CPP =
EXE =
LDCONFIG = ldconfig
LDFLAGS =
LDSHARED = gcc -shared -Wl,-soname,libz.so.1,--version-script,zlib.map
LDSHAREDLIBC = -lc
OBJC = $(OBJZ) $(OBJG)
PIC_OBJC = $(PIC_OBJZ) $(PIC_OBJG)
RANLIB = ranlib
SFLAGS = -O3 -fPIC -D_LARGEFILE64_SOURCE=1 -DHAVE_HIDDEN
SHAREDLIB = libz.so
SHAREDLIBM = libz.so.1
SHAREDLIBV = libz.so.1.3.1
STATICLIB = libz.a
TEST = all teststatic testshared test64
VER = 1.3.1
SRCDIR =
exec_prefix = ${prefix}
includedir = ${prefix}/include
libdir = ${exec_prefix}/lib
mandir = ${prefix}/share/man
prefix = /home/bytbager/My_projects/Eltex/Lecture51/zlib-1.3.1/_install
sharedlibdir = ${libdir}
uname = Linux
--------------------


--------------------
./configure --prefix=/home/bytbager/My_projects/Eltex/Lecture51/zlib-1.3.1/_install =arm-linux-gnueabihf-gcc
Пт 16 фев 2024 12:35:04 +07
unknown option: =arm-linux-gnueabihf-gcc
./configure --help for help
** ./configure aborting.
--------------------


--------------------
./configure --prefix=/home/bytbager/My_projects/Eltex/Lecture51/zlib-1.3.1/_install
Пт 16 фев 2024 13:13:34 +07
Using /usr/gcc-linaro-11.3.1-2022.06-x86_64_arm-linux-gnueabihf/bin
=== ztest54975.c ===
extern int getchar();
int hello() {return getchar();}
===
/usr/gcc-linaro-11.3.1-2022.06-x86_64_arm-linux-gnueabihf/bin -c ztest54975.c
./configure: 196: /usr/gcc-linaro-11.3.1-2022.06-x86_64_arm-linux-gnueabihf/bin: Permission denied
... using /usr/gcc-linaro-11.3.1-2022.06-x86_64_arm-linux-gnueabihf/bin

Checking for obsessive-compulsive compiler options...
=== ztest54975.c ===
int foo() { return 0; }
===
/usr/gcc-linaro-11.3.1-2022.06-x86_64_arm-linux-gnueabihf/bin -c -O ztest54975.c
./configure: 1: /usr/gcc-linaro-11.3.1-2022.06-x86_64_arm-linux-gnueabihf/bin: Permission denied
(exit code 126)
Compiler error reporting is too harsh for ./configure (perhaps remove -Werror).
** ./configure aborting.
--------------------


--------------------
./configure --prefix=/home/bytbager/My_projects/Eltex/Lecture51/zlib-1.3.1/_install
Пт 16 фев 2024 13:13:59 +07
Using /usr/gcc-linaro-11.3.1-2022.06-x86_64_arm-linux-gnueabihf/bin
=== ztest55136.c ===
extern int getchar();
int hello() {return getchar();}
===
/usr/gcc-linaro-11.3.1-2022.06-x86_64_arm-linux-gnueabihf/bin -c ztest55136.c
./configure: 196: /usr/gcc-linaro-11.3.1-2022.06-x86_64_arm-linux-gnueabihf/bin: Permission denied
... using /usr/gcc-linaro-11.3.1-2022.06-x86_64_arm-linux-gnueabihf/bin

Checking for obsessive-compulsive compiler options...
=== ztest55136.c ===
int foo() { return 0; }
===
/usr/gcc-linaro-11.3.1-2022.06-x86_64_arm-linux-gnueabihf/bin -c -O ztest55136.c
./configure: 1: /usr/gcc-linaro-11.3.1-2022.06-x86_64_arm-linux-gnueabihf/bin: Permission denied
(exit code 126)
Compiler error reporting is too harsh for ./configure (perhaps remove -Werror).
** ./configure aborting.
--------------------


--------------------
./configure --prefix=/home/bytbager/My_projects/Eltex/Lecture51/zlib-1.3.1/_install
Пт 16 фев 2024 13:14:26 +07
Using /usr/gcc-linaro-11.3.1-2022.06-x86_64_arm-linux-gnueabihf/bin
Using /usr/gcc-linaro-11.3.1-2022.06-x86_64_arm-linux-gnueabihf/bin
Using arm-linux-gnueabihf-nm
=== ztest55253.c ===
extern int getchar();
int hello() {return getchar();}
===
/usr/gcc-linaro-11.3.1-2022.06-x86_64_arm-linux-gnueabihf/bin -c ztest55253.c
./configure: 196: /usr/gcc-linaro-11.3.1-2022.06-x86_64_arm-linux-gnueabihf/bin: Permission denied
... using /usr/gcc-linaro-11.3.1-2022.06-x86_64_arm-linux-gnueabihf/bin

Checking for obsessive-compulsive compiler options...
=== ztest55253.c ===
int foo() { return 0; }
===
/usr/gcc-linaro-11.3.1-2022.06-x86_64_arm-linux-gnueabihf/bin -c -O ztest55253.c
./configure: 1: /usr/gcc-linaro-11.3.1-2022.06-x86_64_arm-linux-gnueabihf/bin: Permission denied
(exit code 126)
Compiler error reporting is too harsh for ./configure (perhaps remove -Werror).
** ./configure aborting.
--------------------


--------------------
./configure --prefix=/home/bytbager/My_projects/Eltex/Lecture51/zlib-1.3.1/_install
Пт 16 фев 2024 13:14:37 +07
Using /usr/gcc-linaro-11.3.1-2022.06-x86_64_arm-linux-gnueabihf/bin
Using /usr/gcc-linaro-11.3.1-2022.06-x86_64_arm-linux-gnueabihf/bin
Using arm-linux-gnueabihf-nm
=== ztest55376.c ===
extern int getchar();
int hello() {return getchar();}
===
/usr/gcc-linaro-11.3.1-2022.06-x86_64_arm-linux-gnueabihf/bin -c ztest55376.c
./configure: 196: /usr/gcc-linaro-11.3.1-2022.06-x86_64_arm-linux-gnueabihf/bin: Permission denied
... using /usr/gcc-linaro-11.3.1-2022.06-x86_64_arm-linux-gnueabihf/bin

Checking for obsessive-compulsive compiler options...
=== ztest55376.c ===
int foo() { return 0; }
===
/usr/gcc-linaro-11.3.1-2022.06-x86_64_arm-linux-gnueabihf/bin -c -O ztest55376.c
./configure: 1: /usr/gcc-linaro-11.3.1-2022.06-x86_64_arm-linux-gnueabihf/bin: Permission denied
(exit code 126)
Compiler error reporting is too harsh for ./configure (perhaps remove -Werror).
** ./configure aborting.
--------------------


--------------------
./configure --prefix=/home/bytbager/My_projects/Eltex/Lecture51/zlib-1.3.1/_install
Пт 16 фев 2024 13:15:31 +07
Using /usr/gcc-linaro-11.3.1-2022.06-x86_64_arm-linux-gnueabihf/bin/arm-linux-gnueabihf-ar
Using /usr/gcc-linaro-11.3.1-2022.06-x86_64_arm-linux-gnueabihf/bin/arm-linux-gnueabihf-ranlib
Using arm-linux-gnueabihf-nm
=== ztest55562.c ===
extern int getchar();
int hello() {return getchar();}
===
/usr/gcc-linaro-11.3.1-2022.06-x86_64_arm-linux-gnueabihf/bin/arm-linux-gnueabihf-gcc -c ztest55562.c
... using gcc

Checking for obsessive-compulsive compiler options...
=== ztest55562.c ===
int foo() { return 0; }
===
/usr/gcc-linaro-11.3.1-2022.06-x86_64_arm-linux-gnueabihf/bin/arm-linux-gnueabihf-gcc -c -O3 ztest55562.c

Checking for shared library support...
=== ztest55562.c ===
extern int getchar();
int hello() {return getchar();}
===
/usr/gcc-linaro-11.3.1-2022.06-x86_64_arm-linux-gnueabihf/bin/arm-linux-gnueabihf-gcc -c -O3 -fPIC ztest55562.c
/usr/gcc-linaro-11.3.1-2022.06-x86_64_arm-linux-gnueabihf/bin/arm-linux-gnueabihf-gcc -shared -Wl,-soname,libz.so.1,--version-script,zlib.map -O3 -fPIC -o ztest55562.so ztest55562.o
Building shared library libz.so.1.3.1 with /usr/gcc-linaro-11.3.1-2022.06-x86_64_arm-linux-gnueabihf/bin/arm-linux-gnueabihf-gcc.

=== ztest55562.c ===
#include <stdio.h>
#include <stdlib.h>
size_t dummy = 0;
===
/usr/gcc-linaro-11.3.1-2022.06-x86_64_arm-linux-gnueabihf/bin/arm-linux-gnueabihf-gcc -c -O3 ztest55562.c
Checking for size_t... Yes.

=== ztest55562.c ===
#include <sys/types.h>
off64_t dummy = 0;
===
/usr/gcc-linaro-11.3.1-2022.06-x86_64_arm-linux-gnueabihf/bin/arm-linux-gnueabihf-gcc -c -O3 -D_LARGEFILE64_SOURCE=1 ztest55562.c
Checking for off64_t... Yes.
Checking for fseeko... Yes.

=== ztest55562.c ===
#include <string.h>
#include <errno.h>
int main() { return strlen(strerror(errno)); }
===
/usr/gcc-linaro-11.3.1-2022.06-x86_64_arm-linux-gnueabihf/bin/arm-linux-gnueabihf-gcc -O3 -D_LARGEFILE64_SOURCE=1 -o ztest55562 ztest55562.c
Checking for strerror... Yes.

=== ztest55562.c ===
#include <unistd.h>
int main() { return 0; }
===
/usr/gcc-linaro-11.3.1-2022.06-x86_64_arm-linux-gnueabihf/bin/arm-linux-gnueabihf-gcc -c -O3 -D_LARGEFILE64_SOURCE=1 ztest55562.c
Checking for unistd.h... Yes.

=== ztest55562.c ===
#include <stdarg.h>
int main() { return 0; }
===
/usr/gcc-linaro-11.3.1-2022.06-x86_64_arm-linux-gnueabihf/bin/arm-linux-gnueabihf-gcc -c -O3 -D_LARGEFILE64_SOURCE=1 ztest55562.c
Checking for stdarg.h... Yes.

=== ztest55562.c ===
#include <stdio.h>
#include <stdarg.h>
#include "zconf.h"
int main()
{
#ifndef STDC
  choke me
#endif
  return 0;
}
===
/usr/gcc-linaro-11.3.1-2022.06-x86_64_arm-linux-gnueabihf/bin/arm-linux-gnueabihf-gcc -c -O3 -D_LARGEFILE64_SOURCE=1 ztest55562.c
Checking whether to use vs[n]printf() or s[n]printf()... using vs[n]printf().

=== ztest55562.c ===
#include <stdio.h>
#include <stdarg.h>
int mytest(const char *fmt, ...)
{
  char buf[20];
  va_list ap;
  va_start(ap, fmt);
  vsnprintf(buf, sizeof(buf), fmt, ap);
  va_end(ap);
  return 0;
}
int main()
{
  return (mytest("Hello%d\n", 1));
}
===
/usr/gcc-linaro-11.3.1-2022.06-x86_64_arm-linux-gnueabihf/bin/arm-linux-gnueabihf-gcc -O3 -D_LARGEFILE64_SOURCE=1 -o ztest55562 ztest55562.c
Checking for vsnprintf() in stdio.h... Yes.

=== ztest55562.c ===
#include <stdio.h>
#include <stdarg.h>
int mytest(const char *fmt, ...)
{
  int n;
  char buf[20];
  va_list ap;
  va_start(ap, fmt);
  n = vsnprintf(buf, sizeof(buf), fmt, ap);
  va_end(ap);
  return n;
}
int main()
{
  return (mytest("Hello%d\n", 1));
}
===
/usr/gcc-linaro-11.3.1-2022.06-x86_64_arm-linux-gnueabihf/bin/arm-linux-gnueabihf-gcc -c -O3 -D_LARGEFILE64_SOURCE=1 ztest55562.c
Checking for return value of vsnprintf()... Yes.

=== ztest55562.c ===
#define ZLIB_INTERNAL __attribute__((visibility ("hidden")))
int ZLIB_INTERNAL foo;
int main()
{
  return 0;
}
===
/usr/gcc-linaro-11.3.1-2022.06-x86_64_arm-linux-gnueabihf/bin/arm-linux-gnueabihf-gcc -c -O3 -D_LARGEFILE64_SOURCE=1 ztest55562.c
Checking for attribute(visibility) support... Yes.

ALL = static shared all64
AR = /usr/gcc-linaro-11.3.1-2022.06-x86_64_arm-linux-gnueabihf/bin/arm-linux-gnueabihf-ar
ARFLAGS = rc
CC = /usr/gcc-linaro-11.3.1-2022.06-x86_64_arm-linux-gnueabihf/bin/arm-linux-gnueabihf-gcc
CFLAGS = -O3 -D_LARGEFILE64_SOURCE=1 -DHAVE_HIDDEN
CPP =
EXE =
LDCONFIG = ldconfig
LDFLAGS =
LDSHARED = /usr/gcc-linaro-11.3.1-2022.06-x86_64_arm-linux-gnueabihf/bin/arm-linux-gnueabihf-gcc -shared -Wl,-soname,libz.so.1,--version-script,zlib.map
LDSHAREDLIBC = -lc
OBJC = $(OBJZ) $(OBJG)
PIC_OBJC = $(PIC_OBJZ) $(PIC_OBJG)
RANLIB = /usr/gcc-linaro-11.3.1-2022.06-x86_64_arm-linux-gnueabihf/bin/arm-linux-gnueabihf-ranlib
SFLAGS = -O3 -fPIC -D_LARGEFILE64_SOURCE=1 -DHAVE_HIDDEN
SHAREDLIB = libz.so
SHAREDLIBM = libz.so.1
SHAREDLIBV = libz.so.1.3.1
STATICLIB = libz.a
TEST = all teststatic testshared test64
VER = 1.3.1
SRCDIR =
exec_prefix = ${prefix}
includedir = ${prefix}/include
libdir = ${exec_prefix}/lib
mandir = ${prefix}/share/man
prefix = /home/bytbager/My_projects/Eltex/Lecture51/zlib-1.3.1/_install
sharedlibdir = ${libdir}
uname = arm-linux-gnueabihf
--------------------


--------------------
./configure --prefix=/home/bytbager/My_projects/Eltex/Lecture51/zlib-1.3.1/_install
Пт 16 фев 2024 13:15:43 +07
Using /usr/gcc-linaro-11.3.1-2022.06-x86_64_arm-linux-gnueabihf/bin/arm-linux-gnueabihf-ar
=== ztest55773.c ===
extern int getchar();
int hello() {return getchar();}
===
/usr/gcc-linaro-11.3.1-2022.06-x86_64_arm-linux-gnueabihf/bin/arm-linux-gnueabihf-gcc -c ztest55773.c
... using gcc

Checking for obsessive-compulsive compiler options...
=== ztest55773.c ===
int foo() { return 0; }
===
/usr/gcc-linaro-11.3.1-2022.06-x86_64_arm-linux-gnueabihf/bin/arm-linux-gnueabihf-gcc -c -O3 ztest55773.c

Checking for shared library support...
=== ztest55773.c ===
extern int getchar();
int hello() {return getchar();}
===
/usr/gcc-linaro-11.3.1-2022.06-x86_64_arm-linux-gnueabihf/bin/arm-linux-gnueabihf-gcc -c -O3 -fPIC ztest55773.c
/usr/gcc-linaro-11.3.1-2022.06-x86_64_arm-linux-gnueabihf/bin/arm-linux-gnueabihf-gcc -shared -O3 -fPIC -o ztest55773.so ztest55773.o
Building shared library libz.so.1.3.1 with /usr/gcc-linaro-11.3.1-2022.06-x86_64_arm-linux-gnueabihf/bin/arm-linux-gnueabihf-gcc.

=== ztest55773.c ===
#include <stdio.h>
#include <stdlib.h>
size_t dummy = 0;
===
/usr/gcc-linaro-11.3.1-2022.06-x86_64_arm-linux-gnueabihf/bin/arm-linux-gnueabihf-gcc -c -O3 ztest55773.c
Checking for size_t... Yes.

=== ztest55773.c ===
#include <sys/types.h>
off64_t dummy = 0;
===
/usr/gcc-linaro-11.3.1-2022.06-x86_64_arm-linux-gnueabihf/bin/arm-linux-gnueabihf-gcc -c -O3 -D_LARGEFILE64_SOURCE=1 ztest55773.c
Checking for off64_t... Yes.
Checking for fseeko... Yes.

=== ztest55773.c ===
#include <string.h>
#include <errno.h>
int main() { return strlen(strerror(errno)); }
===
/usr/gcc-linaro-11.3.1-2022.06-x86_64_arm-linux-gnueabihf/bin/arm-linux-gnueabihf-gcc -O3 -D_LARGEFILE64_SOURCE=1 -o ztest55773 ztest55773.c
Checking for strerror... Yes.

=== ztest55773.c ===
#include <unistd.h>
int main() { return 0; }
===
/usr/gcc-linaro-11.3.1-2022.06-x86_64_arm-linux-gnueabihf/bin/arm-linux-gnueabihf-gcc -c -O3 -D_LARGEFILE64_SOURCE=1 ztest55773.c
Checking for unistd.h... Yes.

=== ztest55773.c ===
#include <stdarg.h>
int main() { return 0; }
===
/usr/gcc-linaro-11.3.1-2022.06-x86_64_arm-linux-gnueabihf/bin/arm-linux-gnueabihf-gcc -c -O3 -D_LARGEFILE64_SOURCE=1 ztest55773.c
Checking for stdarg.h... Yes.

=== ztest55773.c ===
#include <stdio.h>
#include <stdarg.h>
#include "zconf.h"
int main()
{
#ifndef STDC
  choke me
#endif
  return 0;
}
===
/usr/gcc-linaro-11.3.1-2022.06-x86_64_arm-linux-gnueabihf/bin/arm-linux-gnueabihf-gcc -c -O3 -D_LARGEFILE64_SOURCE=1 ztest55773.c
Checking whether to use vs[n]printf() or s[n]printf()... using vs[n]printf().

=== ztest55773.c ===
#include <stdio.h>
#include <stdarg.h>
int mytest(const char *fmt, ...)
{
  char buf[20];
  va_list ap;
  va_start(ap, fmt);
  vsnprintf(buf, sizeof(buf), fmt, ap);
  va_end(ap);
  return 0;
}
int main()
{
  return (mytest("Hello%d\n", 1));
}
===
/usr/gcc-linaro-11.3.1-2022.06-x86_64_arm-linux-gnueabihf/bin/arm-linux-gnueabihf-gcc -O3 -D_LARGEFILE64_SOURCE=1 -o ztest55773 ztest55773.c
Checking for vsnprintf() in stdio.h... Yes.

=== ztest55773.c ===
#include <stdio.h>
#include <stdarg.h>
int mytest(const char *fmt, ...)
{
  int n;
  char buf[20];
  va_list ap;
  va_start(ap, fmt);
  n = vsnprintf(buf, sizeof(buf), fmt, ap);
  va_end(ap);
  return n;
}
int main()
{
  return (mytest("Hello%d\n", 1));
}
===
/usr/gcc-linaro-11.3.1-2022.06-x86_64_arm-linux-gnueabihf/bin/arm-linux-gnueabihf-gcc -c -O3 -D_LARGEFILE64_SOURCE=1 ztest55773.c
Checking for return value of vsnprintf()... Yes.

=== ztest55773.c ===
#define ZLIB_INTERNAL __attribute__((visibility ("hidden")))
int ZLIB_INTERNAL foo;
int main()
{
  return 0;
}
===
/usr/gcc-linaro-11.3.1-2022.06-x86_64_arm-linux-gnueabihf/bin/arm-linux-gnueabihf-gcc -c -O3 -D_LARGEFILE64_SOURCE=1 ztest55773.c
Checking for attribute(visibility) support... Yes.

ALL = static shared all64
AR = /usr/gcc-linaro-11.3.1-2022.06-x86_64_arm-linux-gnueabihf/bin/arm-linux-gnueabihf-ar
ARFLAGS = rc
CC = /usr/gcc-linaro-11.3.1-2022.06-x86_64_arm-linux-gnueabihf/bin/arm-linux-gnueabihf-gcc
CFLAGS = -O3 -D_LARGEFILE64_SOURCE=1 -DHAVE_HIDDEN
CPP =
EXE =
LDCONFIG = ldconfig
LDFLAGS =
LDSHARED = /usr/gcc-linaro-11.3.1-2022.06-x86_64_arm-linux-gnueabihf/bin/arm-linux-gnueabihf-gcc -shared
LDSHAREDLIBC = -lc
OBJC = $(OBJZ) $(OBJG)
PIC_OBJC = $(PIC_OBJZ) $(PIC_OBJG)
RANLIB = /usr/gcc-linaro-11.3.1-2022.06-x86_64_arm-linux-gnueabihf/bin/arm-linux-gnueabihf-ranlib
SFLAGS = -O3 -fPIC -D_LARGEFILE64_SOURCE=1 -DHAVE_HIDDEN
SHAREDLIB = libz.so
SHAREDLIBM = libz.so.1
SHAREDLIBV = libz.so.1.3.1
STATICLIB = libz.a
TEST = all teststatic testshared test64
VER = 1.3.1
SRCDIR =
exec_prefix = ${prefix}
includedir = ${prefix}/include
libdir = ${exec_prefix}/lib
mandir = ${prefix}/share/man
prefix = /home/bytbager/My_projects/Eltex/Lecture51/zlib-1.3.1/_install
sharedlibdir = ${libdir}
uname = arm
--------------------


